D:\Applications\VisualStudio2019\MSBuild\Microsoft\VC\v160\Microsoft.CppBuild.targets(513,5): warning MSB8028: 中间目录(Debug\)包含从另一个项目(Kinect_Game.vcxproj)共享的文件。   这会导致错误的清除和重新生成行为。
  fruit_slice.cpp
D:\Lotus\Codes\C\Fruit_Slice\Kinect_Game\fruit_slice.cpp(175,34): warning C4244: “参数”: 从“double”转换到“int”，可能丢失数据
D:\Lotus\Codes\C\Fruit_Slice\Kinect_Game\fruit_slice.cpp(175,26): warning C4244: “参数”: 从“double”转换到“int”，可能丢失数据
D:\Lotus\Codes\C\Fruit_Slice\Kinect_Game\fruit_slice.cpp(253,14): warning C4244: “初始化”: 从“double”转换到“int”，可能丢失数据
D:\Lotus\Codes\C\Fruit_Slice\Kinect_Game\fruit_slice.cpp(254,14): warning C4244: “初始化”: 从“double”转换到“int”，可能丢失数据
D:\Lotus\Codes\C\Fruit_Slice\Kinect_Game\fruit_slice.cpp(255,14): warning C4244: “初始化”: 从“double”转换到“int”，可能丢失数据
D:\Lotus\Codes\C\Fruit_Slice\Kinect_Game\fruit_slice.cpp(256,14): warning C4244: “初始化”: 从“double”转换到“int”，可能丢失数据
D:\Lotus\Codes\C\Fruit_Slice\Kinect_Game\fruit_slice.cpp(279,21): warning C4244: “参数”: 从“double”转换到“int”，可能丢失数据
D:\Lotus\Codes\C\Fruit_Slice\Kinect_Game\fruit_slice.cpp(279,11): warning C4244: “参数”: 从“double”转换到“int”，可能丢失数据
D:\Lotus\Codes\C\Fruit_Slice\Kinect_Game\fruit_slice.cpp(280,21): warning C4244: “参数”: 从“double”转换到“int”，可能丢失数据
D:\Lotus\Codes\C\Fruit_Slice\Kinect_Game\fruit_slice.cpp(280,11): warning C4244: “参数”: 从“double”转换到“int”，可能丢失数据
D:\Lotus\Codes\C\Fruit_Slice\Kinect_Game\fruit_slice.cpp(282,19): warning C4244: “参数”: 从“double”转换到“int”，可能丢失数据
D:\Lotus\Codes\C\Fruit_Slice\Kinect_Game\fruit_slice.cpp(282,11): warning C4244: “参数”: 从“double”转换到“int”，可能丢失数据
D:\Lotus\Codes\C\Fruit_Slice\Kinect_Game\fruit_slice.cpp(283,19): warning C4244: “参数”: 从“double”转换到“int”，可能丢失数据
D:\Lotus\Codes\C\Fruit_Slice\Kinect_Game\fruit_slice.cpp(283,11): warning C4244: “参数”: 从“double”转换到“int”，可能丢失数据
D:\Lotus\Codes\C\Fruit_Slice\Kinect_Game\fruit_slice.cpp(285,19): warning C4244: “参数”: 从“double”转换到“int”，可能丢失数据
D:\Lotus\Codes\C\Fruit_Slice\Kinect_Game\fruit_slice.cpp(285,11): warning C4244: “参数”: 从“double”转换到“int”，可能丢失数据
D:\Lotus\Codes\C\Fruit_Slice\Kinect_Game\fruit_slice.cpp(286,19): warning C4244: “参数”: 从“double”转换到“int”，可能丢失数据
D:\Lotus\Codes\C\Fruit_Slice\Kinect_Game\fruit_slice.cpp(286,11): warning C4244: “参数”: 从“double”转换到“int”，可能丢失数据
D:\Lotus\Codes\C\Fruit_Slice\Kinect_Game\fruit_slice.cpp(288,19): warning C4244: “参数”: 从“double”转换到“int”，可能丢失数据
D:\Lotus\Codes\C\Fruit_Slice\Kinect_Game\fruit_slice.cpp(288,11): warning C4244: “参数”: 从“double”转换到“int”，可能丢失数据
D:\Lotus\Codes\C\Fruit_Slice\Kinect_Game\fruit_slice.cpp(289,19): warning C4244: “参数”: 从“double”转换到“int”，可能丢失数据
D:\Lotus\Codes\C\Fruit_Slice\Kinect_Game\fruit_slice.cpp(289,11): warning C4244: “参数”: 从“double”转换到“int”，可能丢失数据
D:\Lotus\Codes\C\Fruit_Slice\Kinect_Game\fruit_slice.cpp(291,19): warning C4244: “参数”: 从“double”转换到“int”，可能丢失数据
D:\Lotus\Codes\C\Fruit_Slice\Kinect_Game\fruit_slice.cpp(291,11): warning C4244: “参数”: 从“double”转换到“int”，可能丢失数据
D:\Lotus\Codes\C\Fruit_Slice\Kinect_Game\fruit_slice.cpp(292,19): warning C4244: “参数”: 从“double”转换到“int”，可能丢失数据
D:\Lotus\Codes\C\Fruit_Slice\Kinect_Game\fruit_slice.cpp(292,11): warning C4244: “参数”: 从“double”转换到“int”，可能丢失数据
  Kinect_Game.vcxproj -> D:\Lotus\Codes\C\Fruit_Slice\Debug\Fruit Slice.exe
